<?xml version="1.0" encoding="UTF-8"?>
<!-- Generated by org.testng.reporters.JUnitReportReporter -->
<testsuite hostname="DESKTOP-HQ8GNRG" failures="0" tests="3" name="Report.Guru99" time="14.109" errors="0" timestamp="2023-12-11T21:26:00 IST" skipped="0">
  <testcase classname="Report.Guru99" name="OpenApp" time="11.589"/>
  <testcase classname="Report.Guru99" name="login" time="1.872"/>
  <testcase classname="Report.Guru99" name="TearDown" time="0.648"/>
</testsuite> <!-- Report.Guru99 -->
